<?xml version="1.0" encoding="UTF-8"?>
<!-- Generated by org.testng.reporters.JUnitReportReporter -->
<testsuite hostname="DESKTOP-C1US6VV" failures="0" tests="3" name="tests.PopularPageTest" time="58.821" errors="0" timestamp="2024-09-28T20:26:31 IST" skipped="0">
  <testcase classname="tests.PopularPageTest" name="moviesDisplayStatus" time="14.941"/>
  <testcase classname="tests.PopularPageTest" name="moviesDisplayStatus" time="24.834"/>
  <testcase classname="tests.PopularPageTest" name="moviesDisplayStatus" time="19.046"/>
</testsuite> <!-- tests.PopularPageTest -->
