<?xml version="1.0" encoding="UTF-8"?>
<!-- Generated by org.testng.reporters.JUnitReportReporter -->
<testsuite hostname="DESKTOP-C1US6VV" failures="0" tests="21" name="tests.LoginPageTest" time="259.603" errors="0" timestamp="2024-09-28T20:26:31 IST" skipped="0">
  <testcase classname="tests.LoginPageTest" name="loginPageElementsStatus" time="12.393"/>
  <testcase classname="tests.LoginPageTest" name="loginPageElementsStatus" time="15.473"/>
  <testcase classname="tests.LoginPageTest" name="loginPageElementsStatus" time="17.822"/>
  <testcase classname="tests.LoginPageTest" name="welcome" time="8.866"/>
  <testcase classname="tests.LoginPageTest" name="welcome" time="10.789"/>
  <testcase classname="tests.LoginPageTest" name="welcome" time="13.952"/>
  <testcase classname="tests.LoginPageTest" name="loginError" time="8.883"/>
  <testcase classname="tests.LoginPageTest" name="loginError" time="8.579"/>
  <testcase classname="tests.LoginPageTest" name="loginError" time="14.851"/>
  <testcase classname="tests.LoginPageTest" name="loginError" time="13.098"/>
  <testcase classname="tests.LoginPageTest" name="loginError" time="11.713"/>
  <testcase classname="tests.LoginPageTest" name="loginError" time="11.246"/>
  <testcase classname="tests.LoginPageTest" name="loginError" time="11.521"/>
  <testcase classname="tests.LoginPageTest" name="loginError" time="17.058"/>
  <testcase classname="tests.LoginPageTest" name="loginError" time="12.565"/>
  <testcase classname="tests.LoginPageTest" name="loginError" time="11.531"/>
  <testcase classname="tests.LoginPageTest" name="loginError" time="16.388"/>
  <testcase classname="tests.LoginPageTest" name="loginError" time="9.599"/>
  <testcase classname="tests.LoginPageTest" name="loginError" time="7.510"/>
  <testcase classname="tests.LoginPageTest" name="loginError" time="8.812"/>
  <testcase classname="tests.LoginPageTest" name="loginError" time="16.954"/>
</testsuite> <!-- tests.LoginPageTest -->
