<?xml version="1.0" encoding="UTF-8"?>
<!-- Generated by org.testng.reporters.JUnitReportReporter -->
<testsuite hostname="DESKTOP-C1US6VV" failures="0" tests="15" name="tests.HomePageTest" time="238.278" errors="0" timestamp="2024-09-28T20:26:31 IST" skipped="0">
  <testcase classname="tests.HomePageTest" name="isHomePageElementsDisplayed" time="27.373"/>
  <testcase classname="tests.HomePageTest" name="isHomePageElementsDisplayed" time="17.048"/>
  <testcase classname="tests.HomePageTest" name="isHomePageElementsDisplayed" time="12.281"/>
  <testcase classname="tests.HomePageTest" name="popularPageLinkCheck" time="8.122"/>
  <testcase classname="tests.HomePageTest" name="popularPageLinkCheck" time="18.801"/>
  <testcase classname="tests.HomePageTest" name="popularPageLinkCheck" time="22.632"/>
  <testcase classname="tests.HomePageTest" name="accountsPageLinkCheck" time="15.307"/>
  <testcase classname="tests.HomePageTest" name="accountsPageLinkCheck" time="16.537"/>
  <testcase classname="tests.HomePageTest" name="accountsPageLinkCheck" time="19.305"/>
  <testcase classname="tests.HomePageTest" name="homePageLinkCheck" time="12.395"/>
  <testcase classname="tests.HomePageTest" name="homePageLinkCheck" time="11.547"/>
  <testcase classname="tests.HomePageTest" name="homePageLinkCheck" time="11.568"/>
  <testcase classname="tests.HomePageTest" name="searchForAMovie" time="15.432"/>
  <testcase classname="tests.HomePageTest" name="searchForAMovie" time="20.925"/>
  <testcase classname="tests.HomePageTest" name="searchForAMovie" time="9.005"/>
</testsuite> <!-- tests.HomePageTest -->
