<?xml version="1.0" encoding="UTF-8"?>
<!-- Generated by org.testng.reporters.JUnitReportReporter -->
<testsuite hostname="DESKTOP-C1US6VV" failures="0" tests="6" name="tests.AccountsPageTest" time="162.630" errors="0" timestamp="2024-09-28T20:26:31 IST" skipped="0">
  <testcase classname="tests.AccountsPageTest" name="isAccountPageElementsDisplayed" time="41.684"/>
  <testcase classname="tests.AccountsPageTest" name="isAccountPageElementsDisplayed" time="22.454"/>
  <testcase classname="tests.AccountsPageTest" name="isAccountPageElementsDisplayed" time="24.404"/>
  <testcase classname="tests.AccountsPageTest" name="logoutFunctionality" time="36.749"/>
  <testcase classname="tests.AccountsPageTest" name="logoutFunctionality" time="13.140"/>
  <testcase classname="tests.AccountsPageTest" name="logoutFunctionality" time="24.199"/>
</testsuite> <!-- tests.AccountsPageTest -->
